C:\Users\user0\.platformio\penv\Scripts\pio.exe device monitor -e esp32-c6-devkitc-1
--- Terminal on COM3 | 115200 8-N-1
--- Available filters and text transformations: debug, default, direct, esp32_exception_decoder, hexlify, log2file, nocontrol, printable, send_on_enter, time
--- More details at https://bit.ly/pio-monitor-filters
--- Quit: Ctrl+C | Menu: Ctrl+T | Help: Ctrl+T followed by Ctrl+H
I (106) esp_image: segment 1: paddr=0003041c vaddr=40800000 sizeI (3203) wifi:new:<3,0>, old:<1,0>, ap:<255,255>, sta:<3,0>, prof:1, snd_ch_cfg:0x0
I (3203) wifi:(connect)dot11_authmode:0x3, pairwise_cipher:0x3, group_cipher:0x3
I (3203) wifi:state: init -> auth (0xb0)
I (3213) wifi:state: auth -> assoc (0x0)
I (3233) wifi:state: assoc -> run (0x10)
I (3233) wifi:(trc)phytype:CBW20-SGI, snr:54, maxRate:144, highestRateIdx:0
W (3233) wifi:(trc)band:2G, phymode:3, highestRateIdx:0, lowestRateIdx:11, dataSchedTableSize:14
I (3243) wifi:(trc)band:2G, rate(S-MCS7, rateIdx:0), ampdu(rate:S-MCS7, schedIdx(0, stop:8)), snr:54, ampduState:wait operational
I (3253) wifi:ifidx:0, rssi:-42, nf:-96, phytype(0x3, CBW20-SGI), phymode(0x3, 11bgn), max_rate:144, he:0, vht:0, ht:1
I (3263) wifi:(ht)max.RxAMPDULenExponent:3(65535 bytes), MMSS:0(no restriction)
I (3283) wifi:connected with WiFi, aid = 2, channel 3, BW20, bssid = 88:88:88:88:88:88
I (3283) wifi:security: WPA2-PSK, phy:bgn, rssi:-42, cipher(pairwise:0x3, group:0x3), pmf:0,
I (3293) wifi:pm start, type: 1, twt_start:0

I (3293) wifi:pm start, type:1, aid:0x2, trans-BSSID:88:88:88:88:88:88, BSSID[5]:0x8c, mbssid(max-indicator:0, index:0), he:0
I (3303) wifi:dp: 1, bi: 102400, li: 3, scale listen interval from 307200 us to 307200 us
I (3313) wifi:set rx beacon pti, rx_bcn_pti: 10, bcn_timeout: 25000, mt_pti: 10, mt_time: 10000
I (3323) wifi:[ADDBA]TX addba request, tid:0, dialogtoken:1, bufsize:64, A-MSDU:0(not supported), policy:1(IMR), ssn:0(0x0)
I (3333) wifi:[ADDBA]TX addba request, tid:7, dialogtoken:2, bufsize:64, A-MSDU:0(not supported), policy:1(IMR), ssn:0(0x20)
I (3343) wifi:[ADDBA]TX addba request, tid:5, dialogtoken:3, bufsize:64, A-MSDU:0(not supported), policy:1(IMR), ssn:0(0x0)
I (3353) wifi:AP's beacon interval = 102400 us, DTIM period = 1
I (3363) wifi:[ADDBA]RX addba response, status:0, tid:0/tb:1(0xa1), bufsize:64, batimeout:0, txa_wnd:64
I (3373) wifi:[ADDBA]RX addba response, status:0, tid:7/tb:1(0xa1), bufsize:64, batimeout:0, txa_wnd:64
I (3383) wifi:[ADDBA]RX addba response, status:0, tid:5/tb:1(0xa1), bufsize:64, batimeout:0, txa_wnd:64
W (3403) wifi:<ba-add>idx:0, ifx:0, tid:0, TAHI:0x1008ccd, TALO:0x96315508, (ssn:3, win:64, cur_ssn:3), CONF:0xc0000005
I (4413) esp_netif_handlers: example_netif_sta ip: 192.168.219.109, mask: 255.255.255.0, gw: 192.168.219.85
I (4413) example_connect: Got IPv4 event: Interface "example_netif_sta" address: 192.168.219.109
I (5393) example_connect: Got IPv6 event: Interface "example_netif_sta" address: fe80:0000:0000:0000:0000:0000:0000:0000, type: ESP_IP6_ADDR_IS_LINK_LOCAL
I (5393) example_common: Connected to example_netif_sta
I (5393) example_common: - IPv4 address: 192.168.219.109,
I (5403) example_common: - IPv6 address: fe80:0000:0000:0000:0000:0000:0000:0000, type: ESP_IP6_ADDR_IS_LINK_LOCAL
I (5413) VERSION: ESP-IDF version: 5.5.0
I (5413) 1306: Scanning I2C bus for devices...
I (5423) main_task: Returned from app_main()
I (5433) 1306: Found device at address: 0x3C
I (5433) 1306: I2C scan complete.
I (5443) example: DNS lookup succeeded. IP=3.210.41.225
I (5443) example: ... allocated socket
I (5643) 1306: Display forced ON, contrast max.
I (5643) 1306: ######################## SSD1306 - START #########################
I (5643) 1306: Panel is 128x64
I (5643) 1306: Display x3 Text
I (5663) example: ... connected
I (5663) example: ... socket send success
I (5663) example: ... set socket receiving timeout success
HTTP/1.1 200 OK
Date: Sun, 08 Feb 2026 08:58:05 GMT
Content-Type: application/json
Content-Length: 240
Connection: close
Server: gunicorn/19.9.0
Access-Control-Allow-Origin: *
Access-Control-Allow-Credentials: true

{
  "args": {},
  "headers": {
    "Host": "httpbin.org",
    "User-Agent": "esp-idf/1.0 esp32",
    "X-Amzn-Trace-Id": "Root=1-6988501d-6719a5755a5568cd7e5ac0cc"
  },
  "origin": "88.88.88.88",
  "url": "http://httpbin.org/get"
}
I (6213) example: ... done reading from socket. Last read return=0 errno=128.
I (6213) example: 10...
I (7223) example: 9...
I (8223) example: 8...
I (8883) 1306: Display bitmap icons
I (9223) example: 7...
I (10223) example: 6...
I (11223) example: 5...
I (12223) example: 4...
I (13223) example: 3...
I (13743) 1306: Display x2 Text
I (14223) example: 2...
I (15223) example: 1...
I (16223) example: 0...
I (16993) 1306: Display Text
I (17223) example: Starting again!
I (17223) example: DNS lookup succeeded. IP=3.210.41.225
I (17223) example: ... allocated socket
I (17443) example: ... connected
I (17443) example: ... socket send success
I (17443) example: ... set socket receiving timeout success
HTTP/1.1 200 OK
Date: Sun, 08 Feb 2026 08:58:17 GMT
Content-Type: application/json
Content-Length: 240
Connection: close
Server: gunicorn/19.9.0
Access-Control-Allow-Origin: *
Access-Control-Allow-Credentials: true

{
  "args": {},
  "headers": {
    "Host": "httpbin.org",
    "User-Agent": "esp-idf/1.0 esp32",
    "X-Amzn-Trace-Id": "Root=1-69885029-5a6ce10c774523337f192bfc"
  },
  "origin": "88.88.88.88",
  "url": "http://httpbin.org/get"
}
I (17993) example: ... done reading from socket. Last read return=0 errno=128.
I (18003) example: 10...
I (19003) example: 9...
I (20003) example: 8...
I (20263) 1306: Display Count Down

...


PS C:\Users\user0\Documents\PlatformIO\Projects\260206-104841-espidf-http-request> pio pkg list
Resolving esp32-c6-devkitc-1 dependencies...
Platform espressif32 @ 6.12.0+sha.3c07680 (required: git+https://github.com/platformio/platform-espressif32.git)
├── framework-espidf @ 3.50500.0 (required: platformio/framework-espidf @ ~3.50500.0)
├── tool-cmake @ 3.30.2 (required: platformio/tool-cmake @ ~3.30.0)
├── tool-esp-rom-elfs @ 0.0.1+20241011 (required: platformio/tool-esp-rom-elfs @ 0.0.1+20241011)
├── tool-esptoolpy @ 2.40900.250804 (required: platformio/tool-esptoolpy @ ~2.40900.0)
├── tool-idf @ 1.0.1 (required: platformio/tool-idf @ ~1.0.1)
├── tool-mconf @ 1.4060000.20190628 (required: platformio/tool-mconf @ ~1.4060000.0)
├── tool-mkfatfs @ 2.0.1 (required: platformio/tool-mkfatfs @ ~2.0.0)
├── tool-mklittlefs @ 1.203.210628 (required: platformio/tool-mklittlefs @ ~1.203.0)
├── tool-mkspiffs @ 2.230.0 (required: platformio/tool-mkspiffs @ ~2.230.0)
├── tool-ninja @ 1.9.0 (required: platformio/tool-ninja @ ^1.7.0)
├── tool-openocd-esp32 @ 2.1100.20220706 (required: platformio/tool-openocd-esp32 @ ~2.1100.0)
├── tool-riscv32-esp-elf-gdb @ 11.2.0+20220823 (required: espressif/tool-riscv32-esp-elf-gdb @ ~11.2.0)
├── tool-xtensa-esp-elf-gdb @ 11.2.0+20230208 (required: espressif/tool-xtensa-esp-elf-gdb @ ~11.2.0)
├── toolchain-esp32ulp @ 1.23800.240113 (required: platformio/toolchain-esp32ulp @ ~1.23800.0)
└── toolchain-riscv32-esp @ 14.2.0+20241119 (required: platformio/toolchain-riscv32-esp @ 14.2.0+20241119)

Libraries
└── esp_ssd1306 @ 1.2.7 (required: k0i05/esp_ssd1306 @ ^1.2.7)
│   └── esp_type_utils @ 1.2.7 (required: k0i05/esp_type_utils @ >=1.0.0)

